  Solve.cpp
c:\users\miaoayao\desktop\sa\vrptw\solve.cpp(64): warning C4018: “<”: 有符号/无符号不匹配
c:\users\miaoayao\desktop\sa\vrptw\solve.cpp(76): warning C4018: “<”: 有符号/无符号不匹配
c:\users\miaoayao\desktop\sa\vrptw\solve.cpp(90): warning C4018: “<”: 有符号/无符号不匹配
c:\users\miaoayao\desktop\sa\vrptw\solve.cpp(107): warning C4244: “参数”: 从“double”转换到“const unsigned int”，可能丢失数据
c:\users\miaoayao\desktop\sa\vrptw\solve.cpp(132): warning C4244: “参数”: 从“double”转换到“const unsigned int”，可能丢失数据
c:\users\miaoayao\desktop\sa\vrptw\solve.cpp(142): warning C4244: “参数”: 从“double”转换到“const unsigned int”，可能丢失数据
c:\users\miaoayao\desktop\sa\vrptw\solve.cpp(143): warning C4244: “参数”: 从“double”转换到“const unsigned int”，可能丢失数据
c:\users\miaoayao\desktop\sa\vrptw\solve.cpp(145): warning C4244: “参数”: 从“double”转换到“const unsigned int”，可能丢失数据
c:\users\miaoayao\desktop\sa\vrptw\solve.cpp(190): warning C4018: “<”: 有符号/无符号不匹配
c:\users\miaoayao\desktop\sa\vrptw\solve.cpp(203): warning C4244: “参数”: 从“double”转换到“const unsigned int”，可能丢失数据
c:\users\miaoayao\desktop\sa\vrptw\solve.cpp(207): warning C4018: “<”: 有符号/无符号不匹配
c:\users\miaoayao\desktop\sa\vrptw\solve.cpp(209): warning C4244: “参数”: 从“double”转换到“const unsigned int”，可能丢失数据
c:\users\miaoayao\desktop\sa\vrptw\solve.cpp(212): warning C4244: “参数”: 从“double”转换到“const unsigned int”，可能丢失数据
c:\users\miaoayao\desktop\sa\vrptw\solve.cpp(263): warning C4018: “<”: 有符号/无符号不匹配
c:\users\miaoayao\desktop\sa\vrptw\solve.cpp(272): warning C4018: “<”: 有符号/无符号不匹配
c:\users\miaoayao\desktop\sa\vrptw\solve.cpp(296): warning C4244: “参数”: 从“double”转换到“const unsigned int”，可能丢失数据
c:\users\miaoayao\desktop\sa\vrptw\solve.cpp(297): warning C4244: “参数”: 从“double”转换到“const unsigned int”，可能丢失数据
c:\users\miaoayao\desktop\sa\vrptw\solve.cpp(298): warning C4244: “参数”: 从“double”转换到“const unsigned int”，可能丢失数据
c:\users\miaoayao\desktop\sa\vrptw\solve.cpp(303): warning C4244: “参数”: 从“double”转换到“const int”，可能丢失数据
c:\users\miaoayao\desktop\sa\vrptw\solve.cpp(318): warning C4244: “参数”: 从“double”转换到“const unsigned int”，可能丢失数据
c:\users\miaoayao\desktop\sa\vrptw\solve.cpp(387): warning C4101: “e”: 未引用的局部变量
c:\users\miaoayao\desktop\sa\vrptw\solve.cpp(386): warning C4101: “n”: 未引用的局部变量
c:\users\miaoayao\desktop\sa\vrptw\solve.cpp(545): warning C4244: “参数”: 从“double”转换到“const unsigned int”，可能丢失数据
c:\users\miaoayao\desktop\sa\vrptw\solve.cpp(546): warning C4244: “参数”: 从“double”转换到“const unsigned int”，可能丢失数据
c:\users\miaoayao\desktop\sa\vrptw\solve.cpp(607): warning C4244: “参数”: 从“double”转换到“const unsigned int”，可能丢失数据
c:\users\miaoayao\desktop\sa\vrptw\solve.cpp(615): warning C4244: “参数”: 从“double”转换到“const unsigned int”，可能丢失数据
c:\users\miaoayao\desktop\sa\vrptw\solve.cpp(616): warning C4244: “参数”: 从“double”转换到“const unsigned int”，可能丢失数据
c:\users\miaoayao\desktop\sa\vrptw\solve.cpp(520): warning C4101: “e”: 未引用的局部变量
c:\users\miaoayao\desktop\sa\vrptw\solve.cpp(519): warning C4101: “n”: 未引用的局部变量
c:\users\miaoayao\desktop\sa\vrptw\solve.cpp(674): warning C4018: “<”: 有符号/无符号不匹配
c:\users\miaoayao\desktop\sa\vrptw\solve.cpp(678): warning C4244: “参数”: 从“double”转换到“const unsigned int”，可能丢失数据
c:\users\miaoayao\desktop\sa\vrptw\solve.cpp(705): warning C4244: “参数”: 从“double”转换到“const unsigned int”，可能丢失数据
c:\users\miaoayao\desktop\sa\vrptw\solve.cpp(713): warning C4244: “参数”: 从“double”转换到“const unsigned int”，可能丢失数据
c:\users\miaoayao\desktop\sa\vrptw\solve.cpp(714): warning C4244: “参数”: 从“double”转换到“const unsigned int”，可能丢失数据
c:\users\miaoayao\desktop\sa\vrptw\solve.cpp(671): warning C4101: “e”: 未引用的局部变量
c:\users\miaoayao\desktop\sa\vrptw\solve.cpp(670): warning C4101: “n”: 未引用的局部变量
c:\users\miaoayao\desktop\sa\vrptw\solve.cpp(792): warning C4018: “<”: 有符号/无符号不匹配
c:\users\miaoayao\desktop\sa\vrptw\solve.cpp(805): warning C4244: “参数”: 从“double”转换到“const unsigned int”，可能丢失数据
c:\users\miaoayao\desktop\sa\vrptw\solve.cpp(806): warning C4244: “参数”: 从“double”转换到“const unsigned int”，可能丢失数据
c:\users\miaoayao\desktop\sa\vrptw\solve.cpp(829): warning C4244: “参数”: 从“double”转换到“const unsigned int”，可能丢失数据
c:\users\miaoayao\desktop\sa\vrptw\solve.cpp(839): warning C4244: “参数”: 从“double”转换到“const unsigned int”，可能丢失数据
c:\users\miaoayao\desktop\sa\vrptw\solve.cpp(849): warning C4244: “参数”: 从“double”转换到“const unsigned int”，可能丢失数据
c:\users\miaoayao\desktop\sa\vrptw\solve.cpp(850): warning C4244: “参数”: 从“double”转换到“const unsigned int”，可能丢失数据
c:\users\miaoayao\desktop\sa\vrptw\solve.cpp(852): warning C4244: “参数”: 从“double”转换到“const unsigned int”，可能丢失数据
c:\users\miaoayao\desktop\sa\vrptw\solve.cpp(853): warning C4244: “参数”: 从“double”转换到“const unsigned int”，可能丢失数据
c:\users\miaoayao\desktop\sa\vrptw\solve.cpp(788): warning C4101: “e”: 未引用的局部变量
c:\users\miaoayao\desktop\sa\vrptw\solve.cpp(787): warning C4101: “n”: 未引用的局部变量
c:\users\miaoayao\desktop\sa\vrptw\solve.cpp(914): warning C4244: “参数”: 从“double”转换到“const unsigned int”，可能丢失数据
c:\users\miaoayao\desktop\sa\vrptw\solve.cpp(925): warning C4018: “<”: 有符号/无符号不匹配
c:\users\miaoayao\desktop\sa\vrptw\solve.cpp(944): warning C4244: “参数”: 从“double”转换到“const unsigned int”，可能丢失数据
c:\users\miaoayao\desktop\sa\vrptw\solve.cpp(922): warning C4101: “e”: 未引用的局部变量
c:\users\miaoayao\desktop\sa\vrptw\solve.cpp(921): warning C4101: “n”: 未引用的局部变量
c:\users\miaoayao\desktop\sa\vrptw\solve.cpp(1045): warning C4244: “参数”: 从“double”转换到“const unsigned int”，可能丢失数据
c:\users\miaoayao\desktop\sa\vrptw\solve.cpp(1047): warning C4244: “参数”: 从“double”转换到“const unsigned int”，可能丢失数据
c:\users\miaoayao\desktop\sa\vrptw\solve.cpp(1050): warning C4244: “参数”: 从“double”转换到“const unsigned int”，可能丢失数据
c:\users\miaoayao\desktop\sa\vrptw\solve.cpp(1053): warning C4244: “参数”: 从“double”转换到“const unsigned int”，可能丢失数据
c:\users\miaoayao\desktop\sa\vrptw\solve.cpp(1055): warning C4244: “参数”: 从“double”转换到“const unsigned int”，可能丢失数据
c:\users\miaoayao\desktop\sa\vrptw\solve.cpp(1061): warning C4244: “参数”: 从“double”转换到“const unsigned int”，可能丢失数据
c:\users\miaoayao\desktop\sa\vrptw\solve.cpp(1065): warning C4244: “参数”: 从“double”转换到“const unsigned int”，可能丢失数据
c:\users\miaoayao\desktop\sa\vrptw\solve.cpp(1067): warning C4244: “参数”: 从“double”转换到“const unsigned int”，可能丢失数据
c:\users\miaoayao\desktop\sa\vrptw\solve.cpp(1075): warning C4244: “参数”: 从“double”转换到“const unsigned int”，可能丢失数据
c:\users\miaoayao\desktop\sa\vrptw\solve.cpp(1077): warning C4244: “参数”: 从“double”转换到“const unsigned int”，可能丢失数据
c:\users\miaoayao\desktop\sa\vrptw\solve.cpp(1084): warning C4244: “参数”: 从“double”转换到“const unsigned int”，可能丢失数据
c:\users\miaoayao\desktop\sa\vrptw\solve.cpp(1089): warning C4244: “参数”: 从“double”转换到“const unsigned int”，可能丢失数据
c:\users\miaoayao\desktop\sa\vrptw\solve.cpp(1091): warning C4244: “参数”: 从“double”转换到“const unsigned int”，可能丢失数据
c:\users\miaoayao\desktop\sa\vrptw\solve.cpp(1098): warning C4244: “参数”: 从“double”转换到“const unsigned int”，可能丢失数据
c:\users\miaoayao\desktop\sa\vrptw\solve.cpp(1099): warning C4244: “参数”: 从“double”转换到“const unsigned int”，可能丢失数据
c:\users\miaoayao\desktop\sa\vrptw\solve.cpp(1101): warning C4244: “参数”: 从“double”转换到“const unsigned int”，可能丢失数据
c:\users\miaoayao\desktop\sa\vrptw\solve.cpp(1102): warning C4244: “参数”: 从“double”转换到“const unsigned int”，可能丢失数据
c:\users\miaoayao\desktop\sa\vrptw\solve.cpp(1104): warning C4244: “参数”: 从“double”转换到“const unsigned int”，可能丢失数据
c:\users\miaoayao\desktop\sa\vrptw\solve.cpp(1106): warning C4244: “参数”: 从“double”转换到“const unsigned int”，可能丢失数据
c:\users\miaoayao\desktop\sa\vrptw\solve.cpp(1108): warning C4244: “参数”: 从“double”转换到“const int”，可能丢失数据
c:\users\miaoayao\desktop\sa\vrptw\solve.cpp(1111): warning C4244: “参数”: 从“double”转换到“const unsigned int”，可能丢失数据
c:\users\miaoayao\desktop\sa\vrptw\solve.cpp(1117): warning C4244: “参数”: 从“double”转换到“const unsigned int”，可能丢失数据
c:\users\miaoayao\desktop\sa\vrptw\solve.cpp(1120): warning C4244: “参数”: 从“double”转换到“const unsigned int”，可能丢失数据
c:\users\miaoayao\desktop\sa\vrptw\solve.cpp(1128): warning C4244: “参数”: 从“double”转换到“const unsigned int”，可能丢失数据
c:\users\miaoayao\desktop\sa\vrptw\solve.cpp(1129): warning C4244: “参数”: 从“double”转换到“const unsigned int”，可能丢失数据
c:\users\miaoayao\desktop\sa\vrptw\solve.cpp(1131): warning C4244: “参数”: 从“double”转换到“const unsigned int”，可能丢失数据
c:\users\miaoayao\desktop\sa\vrptw\solve.cpp(1132): warning C4244: “参数”: 从“double”转换到“const unsigned int”，可能丢失数据
c:\users\miaoayao\desktop\sa\vrptw\solve.cpp(1139): warning C4244: “参数”: 从“double”转换到“const unsigned int”，可能丢失数据
c:\users\miaoayao\desktop\sa\vrptw\solve.cpp(1143): warning C4244: “参数”: 从“double”转换到“const unsigned int”，可能丢失数据
c:\users\miaoayao\desktop\sa\vrptw\solve.cpp(1145): warning C4244: “参数”: 从“double”转换到“const unsigned int”，可能丢失数据
c:\users\miaoayao\desktop\sa\vrptw\solve.cpp(1150): warning C4244: “参数”: 从“double”转换到“const unsigned int”，可能丢失数据
c:\users\miaoayao\desktop\sa\vrptw\solve.cpp(1153): warning C4244: “参数”: 从“double”转换到“const unsigned int”，可能丢失数据
c:\users\miaoayao\desktop\sa\vrptw\solve.cpp(1155): warning C4244: “参数”: 从“double”转换到“const unsigned int”，可能丢失数据
c:\users\miaoayao\desktop\sa\vrptw\solve.cpp(1156): warning C4244: “参数”: 从“double”转换到“const unsigned int”，可能丢失数据
c:\users\miaoayao\desktop\sa\vrptw\solve.cpp(1161): warning C4244: “参数”: 从“double”转换到“const unsigned int”，可能丢失数据
c:\users\miaoayao\desktop\sa\vrptw\solve.cpp(1164): warning C4244: “参数”: 从“double”转换到“const unsigned int”，可能丢失数据
c:\users\miaoayao\desktop\sa\vrptw\solve.cpp(1166): warning C4244: “参数”: 从“double”转换到“const unsigned int”，可能丢失数据
c:\users\miaoayao\desktop\sa\vrptw\solve.cpp(1167): warning C4244: “参数”: 从“double”转换到“const unsigned int”，可能丢失数据
c:\users\miaoayao\desktop\sa\vrptw\solve.cpp(1170): warning C4244: “参数”: 从“double”转换到“const unsigned int”，可能丢失数据
c:\users\miaoayao\desktop\sa\vrptw\solve.cpp(1171): warning C4244: “参数”: 从“double”转换到“const unsigned int”，可能丢失数据
c:\users\miaoayao\desktop\sa\vrptw\solve.cpp(1172): warning C4244: “参数”: 从“double”转换到“const unsigned int”，可能丢失数据
c:\users\miaoayao\desktop\sa\vrptw\solve.cpp(1175): warning C4244: “参数”: 从“double”转换到“const unsigned int”，可能丢失数据
c:\users\miaoayao\desktop\sa\vrptw\solve.cpp(1176): warning C4244: “参数”: 从“double”转换到“const unsigned int”，可能丢失数据
c:\users\miaoayao\desktop\sa\vrptw\solve.cpp(1178): warning C4244: “参数”: 从“double”转换到“const unsigned int”，可能丢失数据
c:\users\miaoayao\desktop\sa\vrptw\solve.cpp(1178): warning C4244: “=”: 从“double”转换到“int”，可能丢失数据
c:\users\miaoayao\desktop\sa\vrptw\solve.cpp(1179): warning C4244: “参数”: 从“double”转换到“const unsigned int”，可能丢失数据
c:\users\miaoayao\desktop\sa\vrptw\solve.cpp(1179): warning C4244: “=”: 从“double”转换到“int”，可能丢失数据
c:\users\miaoayao\desktop\sa\vrptw\solve.cpp(1182): warning C4244: “参数”: 从“double”转换到“const unsigned int”，可能丢失数据
c:\users\miaoayao\desktop\sa\vrptw\solve.cpp(1183): warning C4244: “参数”: 从“double”转换到“const unsigned int”，可能丢失数据
c:\users\miaoayao\desktop\sa\vrptw\solve.cpp(1184): warning C4244: “参数”: 从“double”转换到“const unsigned int”，可能丢失数据
c:\users\miaoayao\desktop\sa\vrptw\solve.cpp(1188): warning C4244: “参数”: 从“double”转换到“const unsigned int”，可能丢失数据
c:\users\miaoayao\desktop\sa\vrptw\solve.cpp(1189): warning C4244: “参数”: 从“double”转换到“const int”，可能丢失数据
c:\users\miaoayao\desktop\sa\vrptw\solve.cpp(1033): warning C4101: “x”: 未引用的局部变量
c:\users\miaoayao\desktop\sa\vrptw\solve.cpp(1212): warning C4101: “o”: 未引用的局部变量
  正在生成代码
  2 of 615 functions ( 0.3%) were compiled, the rest were copied from previous compilation.
    0 functions were new in current compilation
    0 functions had inline decision re-evaluated but remain unchanged
  已完成代码的生成
  VRPTW.vcxproj -> C:\Users\MiaoAYao\Desktop\SA\Release\VRPTW.exe
