  Solve.cpp
c:\users\miaoayao\desktop\tabu\vrptw\solve.cpp(60): warning C4018: “<”: 有符号/无符号不匹配
c:\users\miaoayao\desktop\tabu\vrptw\solve.cpp(72): warning C4018: “<”: 有符号/无符号不匹配
c:\users\miaoayao\desktop\tabu\vrptw\solve.cpp(86): warning C4018: “<”: 有符号/无符号不匹配
c:\users\miaoayao\desktop\tabu\vrptw\solve.cpp(103): warning C4244: “参数”: 从“double”转换到“const unsigned int”，可能丢失数据
c:\users\miaoayao\desktop\tabu\vrptw\solve.cpp(128): warning C4244: “参数”: 从“double”转换到“const unsigned int”，可能丢失数据
c:\users\miaoayao\desktop\tabu\vrptw\solve.cpp(138): warning C4244: “参数”: 从“double”转换到“const unsigned int”，可能丢失数据
c:\users\miaoayao\desktop\tabu\vrptw\solve.cpp(139): warning C4244: “参数”: 从“double”转换到“const unsigned int”，可能丢失数据
c:\users\miaoayao\desktop\tabu\vrptw\solve.cpp(141): warning C4244: “参数”: 从“double”转换到“const unsigned int”，可能丢失数据
c:\users\miaoayao\desktop\tabu\vrptw\solve.cpp(186): warning C4018: “<”: 有符号/无符号不匹配
c:\users\miaoayao\desktop\tabu\vrptw\solve.cpp(199): warning C4244: “参数”: 从“double”转换到“const unsigned int”，可能丢失数据
c:\users\miaoayao\desktop\tabu\vrptw\solve.cpp(203): warning C4018: “<”: 有符号/无符号不匹配
c:\users\miaoayao\desktop\tabu\vrptw\solve.cpp(205): warning C4244: “参数”: 从“double”转换到“const unsigned int”，可能丢失数据
c:\users\miaoayao\desktop\tabu\vrptw\solve.cpp(208): warning C4244: “参数”: 从“double”转换到“const unsigned int”，可能丢失数据
c:\users\miaoayao\desktop\tabu\vrptw\solve.cpp(259): warning C4018: “<”: 有符号/无符号不匹配
c:\users\miaoayao\desktop\tabu\vrptw\solve.cpp(268): warning C4018: “<”: 有符号/无符号不匹配
c:\users\miaoayao\desktop\tabu\vrptw\solve.cpp(292): warning C4244: “参数”: 从“double”转换到“const unsigned int”，可能丢失数据
c:\users\miaoayao\desktop\tabu\vrptw\solve.cpp(293): warning C4244: “参数”: 从“double”转换到“const unsigned int”，可能丢失数据
c:\users\miaoayao\desktop\tabu\vrptw\solve.cpp(294): warning C4244: “参数”: 从“double”转换到“const unsigned int”，可能丢失数据
c:\users\miaoayao\desktop\tabu\vrptw\solve.cpp(299): warning C4244: “参数”: 从“double”转换到“const int”，可能丢失数据
c:\users\miaoayao\desktop\tabu\vrptw\solve.cpp(314): warning C4244: “参数”: 从“double”转换到“const unsigned int”，可能丢失数据
c:\users\miaoayao\desktop\tabu\vrptw\solve.cpp(385): warning C4101: “e”: 未引用的局部变量
c:\users\miaoayao\desktop\tabu\vrptw\solve.cpp(384): warning C4101: “n”: 未引用的局部变量
c:\users\miaoayao\desktop\tabu\vrptw\solve.cpp(563): warning C4244: “参数”: 从“double”转换到“const unsigned int”，可能丢失数据
c:\users\miaoayao\desktop\tabu\vrptw\solve.cpp(564): warning C4244: “参数”: 从“double”转换到“const unsigned int”，可能丢失数据
c:\users\miaoayao\desktop\tabu\vrptw\solve.cpp(636): warning C4244: “参数”: 从“double”转换到“const unsigned int”，可能丢失数据
c:\users\miaoayao\desktop\tabu\vrptw\solve.cpp(644): warning C4244: “参数”: 从“double”转换到“const unsigned int”，可能丢失数据
c:\users\miaoayao\desktop\tabu\vrptw\solve.cpp(645): warning C4244: “参数”: 从“double”转换到“const unsigned int”，可能丢失数据
c:\users\miaoayao\desktop\tabu\vrptw\solve.cpp(538): warning C4101: “e”: 未引用的局部变量
c:\users\miaoayao\desktop\tabu\vrptw\solve.cpp(537): warning C4101: “n”: 未引用的局部变量
c:\users\miaoayao\desktop\tabu\vrptw\solve.cpp(714): warning C4018: “<”: 有符号/无符号不匹配
c:\users\miaoayao\desktop\tabu\vrptw\solve.cpp(718): warning C4244: “参数”: 从“double”转换到“const unsigned int”，可能丢失数据
c:\users\miaoayao\desktop\tabu\vrptw\solve.cpp(745): warning C4244: “参数”: 从“double”转换到“const unsigned int”，可能丢失数据
c:\users\miaoayao\desktop\tabu\vrptw\solve.cpp(753): warning C4244: “参数”: 从“double”转换到“const unsigned int”，可能丢失数据
c:\users\miaoayao\desktop\tabu\vrptw\solve.cpp(754): warning C4244: “参数”: 从“double”转换到“const unsigned int”，可能丢失数据
c:\users\miaoayao\desktop\tabu\vrptw\solve.cpp(711): warning C4101: “e”: 未引用的局部变量
c:\users\miaoayao\desktop\tabu\vrptw\solve.cpp(710): warning C4101: “n”: 未引用的局部变量
c:\users\miaoayao\desktop\tabu\vrptw\solve.cpp(844): warning C4018: “<”: 有符号/无符号不匹配
c:\users\miaoayao\desktop\tabu\vrptw\solve.cpp(857): warning C4244: “参数”: 从“double”转换到“const unsigned int”，可能丢失数据
c:\users\miaoayao\desktop\tabu\vrptw\solve.cpp(858): warning C4244: “参数”: 从“double”转换到“const unsigned int”，可能丢失数据
c:\users\miaoayao\desktop\tabu\vrptw\solve.cpp(881): warning C4244: “参数”: 从“double”转换到“const unsigned int”，可能丢失数据
c:\users\miaoayao\desktop\tabu\vrptw\solve.cpp(891): warning C4244: “参数”: 从“double”转换到“const unsigned int”，可能丢失数据
c:\users\miaoayao\desktop\tabu\vrptw\solve.cpp(901): warning C4244: “参数”: 从“double”转换到“const unsigned int”，可能丢失数据
c:\users\miaoayao\desktop\tabu\vrptw\solve.cpp(902): warning C4244: “参数”: 从“double”转换到“const unsigned int”，可能丢失数据
c:\users\miaoayao\desktop\tabu\vrptw\solve.cpp(904): warning C4244: “参数”: 从“double”转换到“const unsigned int”，可能丢失数据
c:\users\miaoayao\desktop\tabu\vrptw\solve.cpp(905): warning C4244: “参数”: 从“double”转换到“const unsigned int”，可能丢失数据
c:\users\miaoayao\desktop\tabu\vrptw\solve.cpp(840): warning C4101: “e”: 未引用的局部变量
c:\users\miaoayao\desktop\tabu\vrptw\solve.cpp(839): warning C4101: “n”: 未引用的局部变量
c:\users\miaoayao\desktop\tabu\vrptw\solve.cpp(977): warning C4244: “参数”: 从“double”转换到“const unsigned int”，可能丢失数据
c:\users\miaoayao\desktop\tabu\vrptw\solve.cpp(988): warning C4018: “<”: 有符号/无符号不匹配
c:\users\miaoayao\desktop\tabu\vrptw\solve.cpp(1007): warning C4244: “参数”: 从“double”转换到“const unsigned int”，可能丢失数据
c:\users\miaoayao\desktop\tabu\vrptw\solve.cpp(985): warning C4101: “e”: 未引用的局部变量
c:\users\miaoayao\desktop\tabu\vrptw\solve.cpp(984): warning C4101: “n”: 未引用的局部变量
c:\users\miaoayao\desktop\tabu\vrptw\solve.cpp(1120): warning C4244: “参数”: 从“double”转换到“const unsigned int”，可能丢失数据
c:\users\miaoayao\desktop\tabu\vrptw\solve.cpp(1122): warning C4244: “参数”: 从“double”转换到“const unsigned int”，可能丢失数据
c:\users\miaoayao\desktop\tabu\vrptw\solve.cpp(1125): warning C4244: “参数”: 从“double”转换到“const unsigned int”，可能丢失数据
c:\users\miaoayao\desktop\tabu\vrptw\solve.cpp(1128): warning C4244: “参数”: 从“double”转换到“const unsigned int”，可能丢失数据
c:\users\miaoayao\desktop\tabu\vrptw\solve.cpp(1130): warning C4244: “参数”: 从“double”转换到“const unsigned int”，可能丢失数据
c:\users\miaoayao\desktop\tabu\vrptw\solve.cpp(1136): warning C4244: “参数”: 从“double”转换到“const unsigned int”，可能丢失数据
c:\users\miaoayao\desktop\tabu\vrptw\solve.cpp(1140): warning C4244: “参数”: 从“double”转换到“const unsigned int”，可能丢失数据
c:\users\miaoayao\desktop\tabu\vrptw\solve.cpp(1142): warning C4244: “参数”: 从“double”转换到“const unsigned int”，可能丢失数据
c:\users\miaoayao\desktop\tabu\vrptw\solve.cpp(1150): warning C4244: “参数”: 从“double”转换到“const unsigned int”，可能丢失数据
c:\users\miaoayao\desktop\tabu\vrptw\solve.cpp(1152): warning C4244: “参数”: 从“double”转换到“const unsigned int”，可能丢失数据
c:\users\miaoayao\desktop\tabu\vrptw\solve.cpp(1159): warning C4244: “参数”: 从“double”转换到“const unsigned int”，可能丢失数据
c:\users\miaoayao\desktop\tabu\vrptw\solve.cpp(1164): warning C4244: “参数”: 从“double”转换到“const unsigned int”，可能丢失数据
c:\users\miaoayao\desktop\tabu\vrptw\solve.cpp(1166): warning C4244: “参数”: 从“double”转换到“const unsigned int”，可能丢失数据
c:\users\miaoayao\desktop\tabu\vrptw\solve.cpp(1173): warning C4244: “参数”: 从“double”转换到“const unsigned int”，可能丢失数据
c:\users\miaoayao\desktop\tabu\vrptw\solve.cpp(1174): warning C4244: “参数”: 从“double”转换到“const unsigned int”，可能丢失数据
c:\users\miaoayao\desktop\tabu\vrptw\solve.cpp(1176): warning C4244: “参数”: 从“double”转换到“const unsigned int”，可能丢失数据
c:\users\miaoayao\desktop\tabu\vrptw\solve.cpp(1177): warning C4244: “参数”: 从“double”转换到“const unsigned int”，可能丢失数据
c:\users\miaoayao\desktop\tabu\vrptw\solve.cpp(1179): warning C4244: “参数”: 从“double”转换到“const unsigned int”，可能丢失数据
c:\users\miaoayao\desktop\tabu\vrptw\solve.cpp(1181): warning C4244: “参数”: 从“double”转换到“const unsigned int”，可能丢失数据
c:\users\miaoayao\desktop\tabu\vrptw\solve.cpp(1183): warning C4244: “参数”: 从“double”转换到“const int”，可能丢失数据
c:\users\miaoayao\desktop\tabu\vrptw\solve.cpp(1186): warning C4244: “参数”: 从“double”转换到“const unsigned int”，可能丢失数据
c:\users\miaoayao\desktop\tabu\vrptw\solve.cpp(1192): warning C4244: “参数”: 从“double”转换到“const unsigned int”，可能丢失数据
c:\users\miaoayao\desktop\tabu\vrptw\solve.cpp(1195): warning C4244: “参数”: 从“double”转换到“const unsigned int”，可能丢失数据
c:\users\miaoayao\desktop\tabu\vrptw\solve.cpp(1203): warning C4244: “参数”: 从“double”转换到“const unsigned int”，可能丢失数据
c:\users\miaoayao\desktop\tabu\vrptw\solve.cpp(1204): warning C4244: “参数”: 从“double”转换到“const unsigned int”，可能丢失数据
c:\users\miaoayao\desktop\tabu\vrptw\solve.cpp(1206): warning C4244: “参数”: 从“double”转换到“const unsigned int”，可能丢失数据
c:\users\miaoayao\desktop\tabu\vrptw\solve.cpp(1207): warning C4244: “参数”: 从“double”转换到“const unsigned int”，可能丢失数据
c:\users\miaoayao\desktop\tabu\vrptw\solve.cpp(1214): warning C4244: “参数”: 从“double”转换到“const unsigned int”，可能丢失数据
c:\users\miaoayao\desktop\tabu\vrptw\solve.cpp(1218): warning C4244: “参数”: 从“double”转换到“const unsigned int”，可能丢失数据
c:\users\miaoayao\desktop\tabu\vrptw\solve.cpp(1220): warning C4244: “参数”: 从“double”转换到“const unsigned int”，可能丢失数据
c:\users\miaoayao\desktop\tabu\vrptw\solve.cpp(1225): warning C4244: “参数”: 从“double”转换到“const unsigned int”，可能丢失数据
c:\users\miaoayao\desktop\tabu\vrptw\solve.cpp(1228): warning C4244: “参数”: 从“double”转换到“const unsigned int”，可能丢失数据
c:\users\miaoayao\desktop\tabu\vrptw\solve.cpp(1230): warning C4244: “参数”: 从“double”转换到“const unsigned int”，可能丢失数据
c:\users\miaoayao\desktop\tabu\vrptw\solve.cpp(1231): warning C4244: “参数”: 从“double”转换到“const unsigned int”，可能丢失数据
c:\users\miaoayao\desktop\tabu\vrptw\solve.cpp(1236): warning C4244: “参数”: 从“double”转换到“const unsigned int”，可能丢失数据
c:\users\miaoayao\desktop\tabu\vrptw\solve.cpp(1239): warning C4244: “参数”: 从“double”转换到“const unsigned int”，可能丢失数据
c:\users\miaoayao\desktop\tabu\vrptw\solve.cpp(1241): warning C4244: “参数”: 从“double”转换到“const unsigned int”，可能丢失数据
c:\users\miaoayao\desktop\tabu\vrptw\solve.cpp(1242): warning C4244: “参数”: 从“double”转换到“const unsigned int”，可能丢失数据
c:\users\miaoayao\desktop\tabu\vrptw\solve.cpp(1245): warning C4244: “参数”: 从“double”转换到“const unsigned int”，可能丢失数据
c:\users\miaoayao\desktop\tabu\vrptw\solve.cpp(1246): warning C4244: “参数”: 从“double”转换到“const unsigned int”，可能丢失数据
c:\users\miaoayao\desktop\tabu\vrptw\solve.cpp(1247): warning C4244: “参数”: 从“double”转换到“const unsigned int”，可能丢失数据
c:\users\miaoayao\desktop\tabu\vrptw\solve.cpp(1250): warning C4244: “参数”: 从“double”转换到“const unsigned int”，可能丢失数据
c:\users\miaoayao\desktop\tabu\vrptw\solve.cpp(1251): warning C4244: “参数”: 从“double”转换到“const unsigned int”，可能丢失数据
c:\users\miaoayao\desktop\tabu\vrptw\solve.cpp(1253): warning C4244: “参数”: 从“double”转换到“const unsigned int”，可能丢失数据
c:\users\miaoayao\desktop\tabu\vrptw\solve.cpp(1253): warning C4244: “=”: 从“double”转换到“int”，可能丢失数据
c:\users\miaoayao\desktop\tabu\vrptw\solve.cpp(1254): warning C4244: “参数”: 从“double”转换到“const unsigned int”，可能丢失数据
c:\users\miaoayao\desktop\tabu\vrptw\solve.cpp(1254): warning C4244: “=”: 从“double”转换到“int”，可能丢失数据
c:\users\miaoayao\desktop\tabu\vrptw\solve.cpp(1257): warning C4244: “参数”: 从“double”转换到“const unsigned int”，可能丢失数据
c:\users\miaoayao\desktop\tabu\vrptw\solve.cpp(1258): warning C4244: “参数”: 从“double”转换到“const unsigned int”，可能丢失数据
c:\users\miaoayao\desktop\tabu\vrptw\solve.cpp(1259): warning C4244: “参数”: 从“double”转换到“const unsigned int”，可能丢失数据
c:\users\miaoayao\desktop\tabu\vrptw\solve.cpp(1263): warning C4244: “参数”: 从“double”转换到“const unsigned int”，可能丢失数据
c:\users\miaoayao\desktop\tabu\vrptw\solve.cpp(1264): warning C4244: “参数”: 从“double”转换到“const int”，可能丢失数据
c:\users\miaoayao\desktop\tabu\vrptw\solve.cpp(1108): warning C4101: “x”: 未引用的局部变量
c:\users\miaoayao\desktop\tabu\vrptw\solve.cpp(1274): warning C4018: “<”: 有符号/无符号不匹配
c:\users\miaoayao\desktop\tabu\vrptw\solve.cpp(1277): warning C4018: “<”: 有符号/无符号不匹配
c:\users\miaoayao\desktop\tabu\vrptw\solve.cpp(1291): warning C4018: “<”: 有符号/无符号不匹配
c:\users\miaoayao\desktop\tabu\vrptw\solve.cpp(1304): warning C4018: “<”: 有符号/无符号不匹配
c:\users\miaoayao\desktop\tabu\vrptw\solve.cpp(1323): warning C4244: “参数”: 从“double”转换到“const unsigned int”，可能丢失数据
c:\users\miaoayao\desktop\tabu\vrptw\solve.cpp(1325): warning C4244: “参数”: 从“double”转换到“const unsigned int”，可能丢失数据
c:\users\miaoayao\desktop\tabu\vrptw\solve.cpp(1334): warning C4244: “参数”: 从“double”转换到“const unsigned int”，可能丢失数据
c:\users\miaoayao\desktop\tabu\vrptw\solve.cpp(1345): warning C4244: “参数”: 从“double”转换到“const unsigned int”，可能丢失数据
c:\users\miaoayao\desktop\tabu\vrptw\solve.cpp(1356): warning C4101: “node_i”: 未引用的局部变量
c:\users\miaoayao\desktop\tabu\vrptw\solve.cpp(1367): warning C4101: “node_i”: 未引用的局部变量
c:\users\miaoayao\desktop\tabu\vrptw\solve.cpp(1394): warning C4101: “tabu_entry”: 未引用的局部变量
c:\users\miaoayao\desktop\tabu\vrptw\solve.cpp(1388): warning C4101: “t”: 未引用的局部变量
  VRPTW.vcxproj -> C:\Users\MiaoAYao\Desktop\tabu\Debug\VRPTW.exe
